# Logfile created on 2014-08-05 15:38:10 -0700 by logger.rb/44203
I, [2014-08-05T15:38:10.163188 #82927]  INFO -- : 0:  rake (10.1.1) from /Users/K/.rvm/gems/ruby-2.1.0/specifications/rake-10.1.1.gemspec
I, [2014-08-05T15:38:10.163709 #82927]  INFO -- : 0:  i18n (0.6.9) from /Users/K/.rvm/gems/ruby-2.1.0/specifications/i18n-0.6.9.gemspec
I, [2014-08-05T15:38:10.164656 #82927]  INFO -- : 0:  minitest (4.7.5) from /Users/K/.rvm/rubies/ruby-2.1.0/lib/ruby/gems/2.1.0/specifications/default/minitest-4.7.5.gemspec
I, [2014-08-05T15:38:10.165240 #82927]  INFO -- : 0:  multi_json (1.9.2) from /Users/K/.rvm/gems/ruby-2.1.0/specifications/multi_json-1.9.2.gemspec
I, [2014-08-05T15:38:10.165745 #82927]  INFO -- : 0:  atomic (1.1.16) from /Users/K/.rvm/gems/ruby-2.1.0/specifications/atomic-1.1.16.gemspec
I, [2014-08-05T15:38:10.166259 #82927]  INFO -- : 0:  thread_safe (0.3.1) from /Users/K/.rvm/gems/ruby-2.1.0/specifications/thread_safe-0.3.1.gemspec
I, [2014-08-05T15:38:10.166788 #82927]  INFO -- : 0:  tzinfo (0.3.39) from /Users/K/.rvm/gems/ruby-2.1.0/specifications/tzinfo-0.3.39.gemspec
I, [2014-08-05T15:38:10.167375 #82927]  INFO -- : 0:  activesupport (4.0.4) from /Users/K/.rvm/gems/ruby-2.1.0/specifications/activesupport-4.0.4.gemspec
I, [2014-08-05T15:38:10.167922 #82927]  INFO -- : 0:  builder (3.1.4) from /Users/K/.rvm/gems/ruby-2.1.0/specifications/builder-3.1.4.gemspec
I, [2014-08-05T15:38:10.168430 #82927]  INFO -- : 0:  activemodel (4.0.4) from /Users/K/.rvm/gems/ruby-2.1.0/specifications/activemodel-4.0.4.gemspec
I, [2014-08-05T15:38:10.168875 #82927]  INFO -- : 0:  activerecord-deprecated_finders (1.0.3) from /Users/K/.rvm/gems/ruby-2.1.0/specifications/activerecord-deprecated_finders-1.0.3.gemspec
I, [2014-08-05T15:38:10.172242 #82927]  INFO -- : 0:  arel (4.0.2) from /Users/K/.rvm/gems/ruby-2.1.0/specifications/arel-4.0.2.gemspec
I, [2014-08-05T15:38:10.172712 #82927]  INFO -- : 0:  activerecord (4.0.4) from /Users/K/.rvm/gems/ruby-2.1.0/specifications/activerecord-4.0.4.gemspec
I, [2014-08-05T15:38:10.173135 #82927]  INFO -- : 0:  backports (3.4.0) from /Users/K/.rvm/gems/ruby-2.1.0/specifications/backports-3.4.0.gemspec
I, [2014-08-05T15:38:10.173710 #82927]  INFO -- : 0:  bond (0.4.3) from /Users/K/.rvm/gems/ruby-2.1.0/specifications/bond-0.4.3.gemspec
I, [2014-08-05T15:38:10.174311 #82927]  INFO -- : 0:  coderay (1.1.0) from /Users/K/.rvm/gems/ruby-2.1.0/specifications/coderay-1.1.0.gemspec
I, [2014-08-05T15:38:10.174778 #82927]  INFO -- : 0:  method_source (0.8.2) from /Users/K/.rvm/gems/ruby-2.1.0/specifications/method_source-0.8.2.gemspec
I, [2014-08-05T15:38:11.185557 #82927]  INFO -- : 0:  mini_portile (0.6.0) from /Users/K/.rvm/gems/ruby-2.1.0/specifications/mini_portile-0.6.0.gemspec
I, [2014-08-05T15:40:00.233734 #82927]  INFO -- : 0:  nokogiri (1.6.3.1) from /Users/K/.rvm/gems/ruby-2.1.0/specifications/nokogiri-1.6.3.1.gemspec
I, [2014-08-05T15:40:00.767186 #82927]  INFO -- : 0:  open_uri_redirections (0.1.4) from /Users/K/.rvm/gems/ruby-2.1.0/specifications/open_uri_redirections-0.1.4.gemspec
I, [2014-08-05T15:40:00.767606 #82927]  INFO -- : 0:  pg (0.17.1) from /Users/K/.rvm/gems/ruby-2.1.0/specifications/pg-0.17.1.gemspec
I, [2014-08-05T15:40:00.767900 #82927]  INFO -- : 0:  slop (3.4.7) from /Users/K/.rvm/gems/ruby-2.1.0/specifications/slop-3.4.7.gemspec
I, [2014-08-05T15:40:00.768189 #82927]  INFO -- : 0:  pry (0.9.12.6) from /Users/K/.rvm/gems/ruby-2.1.0/specifications/pry-0.9.12.6.gemspec
I, [2014-08-05T15:40:00.768633 #82927]  INFO -- : 0:  rack (1.5.2) from /Users/K/.rvm/gems/ruby-2.1.0/specifications/rack-1.5.2.gemspec
I, [2014-08-05T15:40:00.769171 #82927]  INFO -- : 0:  puma (2.7.1) from /Users/K/.rvm/gems/ruby-2.1.0/specifications/puma-2.7.1.gemspec
I, [2014-08-05T15:40:00.769537 #82927]  INFO -- : 0:  rack-protection (1.5.2) from /Users/K/.rvm/gems/ruby-2.1.0/specifications/rack-protection-1.5.2.gemspec
I, [2014-08-05T15:40:00.769900 #82927]  INFO -- : 0:  rack-test (0.6.2) from /Users/K/.rvm/gems/ruby-2.1.0/specifications/rack-test-0.6.2.gemspec
I, [2014-08-05T15:40:00.770280 #82927]  INFO -- : 0:  ripl (0.7.0) from /Users/K/.rvm/gems/ruby-2.1.0/specifications/ripl-0.7.0.gemspec
I, [2014-08-05T15:40:00.770632 #82927]  INFO -- : 0:  ripl-multi_line (0.3.1) from /Users/K/.rvm/gems/ruby-2.1.0/specifications/ripl-multi_line-0.3.1.gemspec
I, [2014-08-05T15:40:00.771014 #82927]  INFO -- : 0:  ripl-rack (0.2.0) from /Users/K/.rvm/gems/ruby-2.1.0/specifications/ripl-rack-0.2.0.gemspec
I, [2014-08-05T15:40:00.771345 #82927]  INFO -- : 0:  shotgun (0.9) from /Users/K/.rvm/gems/ruby-2.1.0/specifications/shotgun-0.9.gemspec
I, [2014-08-05T15:40:00.771680 #82927]  INFO -- : 0:  tilt (1.4.1) from /Users/K/.rvm/gems/ruby-2.1.0/specifications/tilt-1.4.1.gemspec
I, [2014-08-05T15:40:00.771984 #82927]  INFO -- : 0:  sinatra (1.4.4) from /Users/K/.rvm/gems/ruby-2.1.0/specifications/sinatra-1.4.4.gemspec
I, [2014-08-05T15:40:00.772294 #82927]  INFO -- : 0:  sinatra-activerecord (1.5.0) from /Users/K/.rvm/gems/ruby-2.1.0/specifications/sinatra-activerecord-1.5.0.gemspec
I, [2014-08-05T15:40:00.772598 #82927]  INFO -- : 0:  sinatra-contrib (1.4.2) from /Users/K/.rvm/gems/ruby-2.1.0/specifications/sinatra-contrib-1.4.2.gemspec
I, [2014-08-05T15:40:00.772933 #82927]  INFO -- : 0:  sqlite3 (1.3.9) from /Users/K/.rvm/gems/ruby-2.1.0/specifications/sqlite3-1.3.9.gemspec
I, [2014-08-05T15:40:00.773235 #82927]  INFO -- : 0:  tux (0.3.0) from /Users/K/.rvm/gems/ruby-2.1.0/specifications/tux-0.3.0.gemspec
I, [2014-08-05T15:40:00.773524 #82927]  INFO -- : 0:  bundler (1.5.1) from /Users/K/.rvm/gems/ruby-2.1.0@global/specifications/bundler-1.5.1.gemspec
